mode: set
github.com/1Nelsonel/bedAndBreakfast/internal/handlers/handlers.go:24.47,28.2 1 1
github.com/1Nelsonel/bedAndBreakfast/internal/handlers/handlers.go:31.33,33.2 1 1
github.com/1Nelsonel/bedAndBreakfast/internal/handlers/handlers.go:36.67,41.2 3 0
github.com/1Nelsonel/bedAndBreakfast/internal/handlers/handlers.go:44.68,56.2 5 0
github.com/1Nelsonel/bedAndBreakfast/internal/handlers/handlers.go:59.74,67.2 4 0
github.com/1Nelsonel/bedAndBreakfast/internal/handlers/handlers.go:70.78,73.16 2 0
github.com/1Nelsonel/bedAndBreakfast/internal/handlers/handlers.go:73.16,77.3 2 0
github.com/1Nelsonel/bedAndBreakfast/internal/handlers/handlers.go:79.2,92.19 6 0
github.com/1Nelsonel/bedAndBreakfast/internal/handlers/handlers.go:92.19,101.3 4 0
github.com/1Nelsonel/bedAndBreakfast/internal/handlers/handlers.go:103.2,105.66 2 0
github.com/1Nelsonel/bedAndBreakfast/internal/handlers/handlers.go:110.71,112.2 1 0
github.com/1Nelsonel/bedAndBreakfast/internal/handlers/handlers.go:115.69,117.2 1 0
github.com/1Nelsonel/bedAndBreakfast/internal/handlers/handlers.go:120.75,122.2 1 0
github.com/1Nelsonel/bedAndBreakfast/internal/handlers/handlers.go:125.79,130.2 3 0
github.com/1Nelsonel/bedAndBreakfast/internal/handlers/handlers.go:138.79,145.16 3 0
github.com/1Nelsonel/bedAndBreakfast/internal/handlers/handlers.go:145.16,147.3 1 0
github.com/1Nelsonel/bedAndBreakfast/internal/handlers/handlers.go:149.2,150.14 2 0
github.com/1Nelsonel/bedAndBreakfast/internal/handlers/handlers.go:154.70,156.2 1 0
github.com/1Nelsonel/bedAndBreakfast/internal/handlers/handlers.go:159.81,161.9 2 0
github.com/1Nelsonel/bedAndBreakfast/internal/handlers/handlers.go:161.9,166.3 4 0
github.com/1Nelsonel/bedAndBreakfast/internal/handlers/handlers.go:168.2,174.4 4 0
